Error: ReadHDFHeaderMosaic : Opening Input Header File
     : Unable to open ~/Documents/ModisDownload/MODIS/MOD13Q1.A2014257.h12v10.006.2015291063757.hdf for reading.
******************************************************************************

MODIS Reprojection Tool (v4.1 March 2009)
Start Time:  Tue Dec  6 09:03:27 2016

------------------------------------------------------------------

Error: ReadHDFHeader : Opening Input Header File
     : Unable to open ~/Documents/ModisDownload/MODIS/MOD13Q1.A2014257.h12v10.006.2015291063757.hdf
******************************************************************************

MODIS Reprojection Tool (v4.1 March 2009)
Start Time:  Tue Dec  6 09:03:27 2016

------------------------------------------------------------------

Error: ReadHDFHeader : Opening Input Header File
     : Unable to open ~/Documents/ModisDownload/MODIS/MOD13Q1.A2014257.h13v10.006.2015291061911.hdf
******************************************************************************

MODIS Reprojection Tool (v4.1 March 2009)
Start Time:  Tue Dec  6 09:03:27 2016

------------------------------------------------------------------

Error: ReadHDFHeader : Opening Input Header File
     : Unable to open ~/Documents/ModisDownload/MODIS/MOD13Q1.A2014257.h12v11.006.2015291062017.hdf
******************************************************************************

MODIS Reprojection Tool (v4.1 March 2009)
Start Time:  Tue Dec  6 09:03:27 2016

------------------------------------------------------------------

Error: ReadHDFHeader : Opening Input Header File
     : Unable to open ~/Documents/ModisDownload/MODIS/MOD13Q1.A2014257.h13v11.006.2015291062654.hdf
Error: ReadHDFHeaderMosaic : Opening Input Header File
     : Unable to open ~/Documents/ModisDownload/MODIS/MOD13Q1.A2014273.h12v10.006.2015291112052.hdf for reading.
******************************************************************************

MODIS Reprojection Tool (v4.1 March 2009)
Start Time:  Tue Dec  6 09:03:27 2016

------------------------------------------------------------------

Error: ReadHDFHeader : Opening Input Header File
     : Unable to open ~/Documents/ModisDownload/MODIS/MOD13Q1.A2014273.h12v10.006.2015291112052.hdf
******************************************************************************

MODIS Reprojection Tool (v4.1 March 2009)
Start Time:  Tue Dec  6 09:03:27 2016

------------------------------------------------------------------

Error: ReadHDFHeader : Opening Input Header File
     : Unable to open ~/Documents/ModisDownload/MODIS/MOD13Q1.A2014273.h13v10.006.2015291111741.hdf
******************************************************************************

MODIS Reprojection Tool (v4.1 March 2009)
Start Time:  Tue Dec  6 09:03:27 2016

------------------------------------------------------------------

Error: ReadHDFHeader : Opening Input Header File
     : Unable to open ~/Documents/ModisDownload/MODIS/MOD13Q1.A2014273.h12v11.006.2015291112025.hdf
******************************************************************************

MODIS Reprojection Tool (v4.1 March 2009)
Start Time:  Tue Dec  6 09:03:27 2016

------------------------------------------------------------------

Error: ReadHDFHeader : Opening Input Header File
     : Unable to open ~/Documents/ModisDownload/MODIS/MOD13Q1.A2014273.h13v11.006.2015291111705.hdf
Error: ReadHDFHeaderMosaic : Opening Input Header File
     : Unable to open ~/Documents/ModisDownload/MODIS/MOD13Q1.A2014257.h17v07.006.2015291064103.hdf for reading.
******************************************************************************

MODIS Reprojection Tool (v4.1 March 2009)
Start Time:  Tue Dec  6 13:24:44 2016

------------------------------------------------------------------

Error: ReadHDFHeader : Opening Input Header File
     : Unable to open ~/Documents/ModisDownload/MODIS/MOD13Q1.A2014257.h17v07.006.2015291064103.hdf
******************************************************************************

MODIS Reprojection Tool (v4.1 March 2009)
Start Time:  Tue Dec  6 13:24:44 2016

------------------------------------------------------------------

Error: ReadHDFHeader : Opening Input Header File
     : Unable to open ~/Documents/ModisDownload/MODIS/MOD13Q1.A2014257.h18v07.006.2015291062636.hdf
******************************************************************************

MODIS Reprojection Tool (v4.1 March 2009)
Start Time:  Tue Dec  6 13:24:44 2016

------------------------------------------------------------------

Error: ReadHDFHeader : Opening Input Header File
     : Unable to open ~/Documents/ModisDownload/MODIS/MOD13Q1.A2014257.h17v08.006.2015291062631.hdf
******************************************************************************

MODIS Reprojection Tool (v4.1 March 2009)
Start Time:  Tue Dec  6 13:24:44 2016

------------------------------------------------------------------

Error: ReadHDFHeader : Opening Input Header File
     : Unable to open ~/Documents/ModisDownload/MODIS/MOD13Q1.A2014257.h18v08.006.2015291062613.hdf
Error: ReadHDFHeaderMosaic : Opening Input Header File
     : Unable to open ~/Documents/ModisDownload/MODIS/MOD13Q1.A2014273.h17v07.006.2015291111919.hdf for reading.
******************************************************************************

MODIS Reprojection Tool (v4.1 March 2009)
Start Time:  Tue Dec  6 13:24:44 2016

------------------------------------------------------------------

Error: ReadHDFHeader : Opening Input Header File
     : Unable to open ~/Documents/ModisDownload/MODIS/MOD13Q1.A2014273.h17v07.006.2015291111919.hdf
******************************************************************************

MODIS Reprojection Tool (v4.1 March 2009)
Start Time:  Tue Dec  6 13:24:44 2016

------------------------------------------------------------------

Error: ReadHDFHeader : Opening Input Header File
     : Unable to open ~/Documents/ModisDownload/MODIS/MOD13Q1.A2014273.h18v07.006.2015291111736.hdf
******************************************************************************

MODIS Reprojection Tool (v4.1 March 2009)
Start Time:  Tue Dec  6 13:24:45 2016

------------------------------------------------------------------

Error: ReadHDFHeader : Opening Input Header File
     : Unable to open ~/Documents/ModisDownload/MODIS/MOD13Q1.A2014273.h17v08.006.2015291111914.hdf
******************************************************************************

MODIS Reprojection Tool (v4.1 March 2009)
Start Time:  Tue Dec  6 13:24:45 2016

------------------------------------------------------------------

Error: ReadHDFHeader : Opening Input Header File
     : Unable to open ~/Documents/ModisDownload/MODIS/MOD13Q1.A2014273.h18v08.006.2015291111835.hdf
Error: ReadHDFHeaderMosaic : Opening Input Header File
     : Unable to open ~/Documents/ModisDownload/MODIS/MOD13Q1.A2014257.h17v07.006.2015291064103.hdf for reading.
******************************************************************************

MODIS Reprojection Tool (v4.1 March 2009)
Start Time:  Tue Dec  6 13:28:08 2016

------------------------------------------------------------------

Error: ReadHDFHeader : Opening Input Header File
     : Unable to open ~/Documents/ModisDownload/MODIS/MOD13Q1.A2014257.h17v07.006.2015291064103.hdf
******************************************************************************

MODIS Reprojection Tool (v4.1 March 2009)
Start Time:  Tue Dec  6 13:28:08 2016

------------------------------------------------------------------

Error: ReadHDFHeader : Opening Input Header File
     : Unable to open ~/Documents/ModisDownload/MODIS/MOD13Q1.A2014257.h18v07.006.2015291062636.hdf
******************************************************************************

MODIS Reprojection Tool (v4.1 March 2009)
Start Time:  Tue Dec  6 13:28:08 2016

------------------------------------------------------------------

Error: ReadHDFHeader : Opening Input Header File
     : Unable to open ~/Documents/ModisDownload/MODIS/MOD13Q1.A2014257.h17v08.006.2015291062631.hdf
******************************************************************************

MODIS Reprojection Tool (v4.1 March 2009)
Start Time:  Tue Dec  6 13:28:08 2016

------------------------------------------------------------------

Error: ReadHDFHeader : Opening Input Header File
     : Unable to open ~/Documents/ModisDownload/MODIS/MOD13Q1.A2014257.h18v08.006.2015291062613.hdf
Error: ReadHDFHeaderMosaic : Opening Input Header File
     : Unable to open ~/Documents/ModisDownload/MODIS/MOD13Q1.A2014273.h17v07.006.2015291111919.hdf for reading.
******************************************************************************

MODIS Reprojection Tool (v4.1 March 2009)
Start Time:  Tue Dec  6 13:28:08 2016

------------------------------------------------------------------

Error: ReadHDFHeader : Opening Input Header File
     : Unable to open ~/Documents/ModisDownload/MODIS/MOD13Q1.A2014273.h17v07.006.2015291111919.hdf
******************************************************************************

MODIS Reprojection Tool (v4.1 March 2009)
Start Time:  Tue Dec  6 13:28:08 2016

------------------------------------------------------------------

Error: ReadHDFHeader : Opening Input Header File
     : Unable to open ~/Documents/ModisDownload/MODIS/MOD13Q1.A2014273.h18v07.006.2015291111736.hdf
******************************************************************************

MODIS Reprojection Tool (v4.1 March 2009)
Start Time:  Tue Dec  6 13:28:08 2016

------------------------------------------------------------------

Error: ReadHDFHeader : Opening Input Header File
     : Unable to open ~/Documents/ModisDownload/MODIS/MOD13Q1.A2014273.h17v08.006.2015291111914.hdf
******************************************************************************

MODIS Reprojection Tool (v4.1 March 2009)
Start Time:  Tue Dec  6 13:28:08 2016

------------------------------------------------------------------

Error: ReadHDFHeader : Opening Input Header File
     : Unable to open ~/Documents/ModisDownload/MODIS/MOD13Q1.A2014273.h18v08.006.2015291111835.hdf
Error: ReadHDFHeaderMosaic : Opening Input Header File
     : Unable to open ~/Documents/ModisDownload/MODIS/MOD13Q1.A2014257.h17v07.006.2015291064103.hdf for reading.
******************************************************************************

MODIS Reprojection Tool (v4.1 March 2009)
Start Time:  Tue Dec  6 14:29:15 2016

------------------------------------------------------------------

Error: ReadHDFHeader : Opening Input Header File
     : Unable to open ~/Documents/ModisDownload/MODIS/MOD13Q1.A2014257.h17v07.006.2015291064103.hdf
******************************************************************************

MODIS Reprojection Tool (v4.1 March 2009)
Start Time:  Tue Dec  6 14:29:15 2016

------------------------------------------------------------------

Error: ReadHDFHeader : Opening Input Header File
     : Unable to open ~/Documents/ModisDownload/MODIS/MOD13Q1.A2014257.h18v07.006.2015291062636.hdf
******************************************************************************

MODIS Reprojection Tool (v4.1 March 2009)
Start Time:  Tue Dec  6 14:29:15 2016

------------------------------------------------------------------

Error: ReadHDFHeader : Opening Input Header File
     : Unable to open ~/Documents/ModisDownload/MODIS/MOD13Q1.A2014257.h17v08.006.2015291062631.hdf
******************************************************************************

MODIS Reprojection Tool (v4.1 March 2009)
Start Time:  Tue Dec  6 14:29:15 2016

------------------------------------------------------------------

Error: ReadHDFHeader : Opening Input Header File
     : Unable to open ~/Documents/ModisDownload/MODIS/MOD13Q1.A2014257.h18v08.006.2015291062613.hdf
Error: ReadHDFHeaderMosaic : Opening Input Header File
     : Unable to open ~/Documents/ModisDownload/MODIS/MOD13Q1.A2014273.h17v07.006.2015291111919.hdf for reading.
******************************************************************************

MODIS Reprojection Tool (v4.1 March 2009)
Start Time:  Tue Dec  6 14:29:16 2016

------------------------------------------------------------------

Error: ReadHDFHeader : Opening Input Header File
     : Unable to open ~/Documents/ModisDownload/MODIS/MOD13Q1.A2014273.h17v07.006.2015291111919.hdf
******************************************************************************

MODIS Reprojection Tool (v4.1 March 2009)
Start Time:  Tue Dec  6 14:29:16 2016

------------------------------------------------------------------

Error: ReadHDFHeader : Opening Input Header File
     : Unable to open ~/Documents/ModisDownload/MODIS/MOD13Q1.A2014273.h18v07.006.2015291111736.hdf
******************************************************************************

MODIS Reprojection Tool (v4.1 March 2009)
Start Time:  Tue Dec  6 14:29:16 2016

------------------------------------------------------------------

Error: ReadHDFHeader : Opening Input Header File
     : Unable to open ~/Documents/ModisDownload/MODIS/MOD13Q1.A2014273.h17v08.006.2015291111914.hdf
******************************************************************************

MODIS Reprojection Tool (v4.1 March 2009)
Start Time:  Tue Dec  6 14:29:16 2016

------------------------------------------------------------------

Error: ReadHDFHeader : Opening Input Header File
     : Unable to open ~/Documents/ModisDownload/MODIS/MOD13Q1.A2014273.h18v08.006.2015291111835.hdf
Error: ReadHDFHeaderMosaic : Opening Input Header File
     : Unable to open ~/Documents/ModisDownload/MODIS/MOD13Q1.A2014257.h17v07.006.2015291064103.hdf for reading.
******************************************************************************

MODIS Reprojection Tool (v4.1 March 2009)
Start Time:  Tue Dec  6 14:37:07 2016

------------------------------------------------------------------

Error: ReadHDFHeader : Opening Input Header File
     : Unable to open ~/Documents/ModisDownload/MODIS/MOD13Q1.A2014257.h17v07.006.2015291064103.hdf
******************************************************************************

MODIS Reprojection Tool (v4.1 March 2009)
Start Time:  Tue Dec  6 14:37:07 2016

------------------------------------------------------------------

Error: ReadHDFHeader : Opening Input Header File
     : Unable to open ~/Documents/ModisDownload/MODIS/MOD13Q1.A2014257.h18v07.006.2015291062636.hdf
******************************************************************************

MODIS Reprojection Tool (v4.1 March 2009)
Start Time:  Tue Dec  6 14:37:07 2016

------------------------------------------------------------------

Error: ReadHDFHeader : Opening Input Header File
     : Unable to open ~/Documents/ModisDownload/MODIS/MOD13Q1.A2014257.h17v08.006.2015291062631.hdf
******************************************************************************

MODIS Reprojection Tool (v4.1 March 2009)
Start Time:  Tue Dec  6 14:37:07 2016

------------------------------------------------------------------

Error: ReadHDFHeader : Opening Input Header File
     : Unable to open ~/Documents/ModisDownload/MODIS/MOD13Q1.A2014257.h18v08.006.2015291062613.hdf
Error: ReadHDFHeaderMosaic : Opening Input Header File
     : Unable to open ~/Documents/ModisDownload/MODIS/MOD13Q1.A2014273.h17v07.006.2015291111919.hdf for reading.
******************************************************************************

MODIS Reprojection Tool (v4.1 March 2009)
Start Time:  Tue Dec  6 14:37:07 2016

------------------------------------------------------------------

Error: ReadHDFHeader : Opening Input Header File
     : Unable to open ~/Documents/ModisDownload/MODIS/MOD13Q1.A2014273.h17v07.006.2015291111919.hdf
******************************************************************************

MODIS Reprojection Tool (v4.1 March 2009)
Start Time:  Tue Dec  6 14:37:07 2016

------------------------------------------------------------------

Error: ReadHDFHeader : Opening Input Header File
     : Unable to open ~/Documents/ModisDownload/MODIS/MOD13Q1.A2014273.h18v07.006.2015291111736.hdf
******************************************************************************

MODIS Reprojection Tool (v4.1 March 2009)
Start Time:  Tue Dec  6 14:37:07 2016

------------------------------------------------------------------

Error: ReadHDFHeader : Opening Input Header File
     : Unable to open ~/Documents/ModisDownload/MODIS/MOD13Q1.A2014273.h17v08.006.2015291111914.hdf
******************************************************************************

MODIS Reprojection Tool (v4.1 March 2009)
Start Time:  Tue Dec  6 14:37:07 2016

------------------------------------------------------------------

Error: ReadHDFHeader : Opening Input Header File
     : Unable to open ~/Documents/ModisDownload/MODIS/MOD13Q1.A2014273.h18v08.006.2015291111835.hdf
Error: ReadHDFHeaderMosaic : Opening Input Header File
     : Unable to open ~/Documents/ModisDownload/MODIS/MOD13Q1.A2014289.h17v07.006.2015291191424.hdf for reading.
******************************************************************************

MODIS Reprojection Tool (v4.1 March 2009)
Start Time:  Tue Dec  6 14:37:29 2016

------------------------------------------------------------------

Error: ReadHDFHeader : Opening Input Header File
     : Unable to open ~/Documents/ModisDownload/MODIS/MOD13Q1.A2014289.h17v07.006.2015291191424.hdf
******************************************************************************

MODIS Reprojection Tool (v4.1 March 2009)
Start Time:  Tue Dec  6 14:37:29 2016

------------------------------------------------------------------

Error: ReadHDFHeader : Opening Input Header File
     : Unable to open ~/Documents/ModisDownload/MODIS/MOD13Q1.A2014289.h18v07.006.2015291191505.hdf
******************************************************************************

MODIS Reprojection Tool (v4.1 March 2009)
Start Time:  Tue Dec  6 14:37:29 2016

------------------------------------------------------------------

Error: ReadHDFHeader : Opening Input Header File
     : Unable to open ~/Documents/ModisDownload/MODIS/MOD13Q1.A2014289.h17v08.006.2015291191357.hdf
******************************************************************************

MODIS Reprojection Tool (v4.1 March 2009)
Start Time:  Tue Dec  6 14:37:29 2016

------------------------------------------------------------------

Error: ReadHDFHeader : Opening Input Header File
     : Unable to open ~/Documents/ModisDownload/MODIS/MOD13Q1.A2014289.h18v08.006.2015291192706.hdf
Error: ReadHDFHeaderMosaic : Opening Input Header File
     : Unable to open ~/Documents/ModisDownload/MODIS/MOD13Q1.A2014305.h17v07.006.2015292061534.hdf for reading.
******************************************************************************

MODIS Reprojection Tool (v4.1 March 2009)
Start Time:  Tue Dec  6 14:39:58 2016

------------------------------------------------------------------

Error: ReadHDFHeader : Opening Input Header File
     : Unable to open ~/Documents/ModisDownload/MODIS/MOD13Q1.A2014305.h17v07.006.2015292061534.hdf
******************************************************************************

MODIS Reprojection Tool (v4.1 March 2009)
Start Time:  Tue Dec  6 14:39:58 2016

------------------------------------------------------------------

Error: ReadHDFHeader : Opening Input Header File
     : Unable to open ~/Documents/ModisDownload/MODIS/MOD13Q1.A2014305.h18v07.006.2015292061307.hdf
******************************************************************************

MODIS Reprojection Tool (v4.1 March 2009)
Start Time:  Tue Dec  6 14:39:59 2016

------------------------------------------------------------------

Error: ReadHDFHeader : Opening Input Header File
     : Unable to open ~/Documents/ModisDownload/MODIS/MOD13Q1.A2014305.h17v08.006.2015292061259.hdf
******************************************************************************

MODIS Reprojection Tool (v4.1 March 2009)
Start Time:  Tue Dec  6 14:39:59 2016

------------------------------------------------------------------

Error: ReadHDFHeader : Opening Input Header File
     : Unable to open ~/Documents/ModisDownload/MODIS/MOD13Q1.A2014305.h18v08.006.2015292061454.hdf
Error: ReadHDFHeaderMosaic : Opening Input Header File
     : Unable to open ~/Documents/ModisDownload/MODIS/MOD13Q1.A2014321.h17v07.006.2015292070929.hdf for reading.
******************************************************************************

MODIS Reprojection Tool (v4.1 March 2009)
Start Time:  Tue Dec  6 14:40:00 2016

------------------------------------------------------------------

Error: ReadHDFHeader : Opening Input Header File
     : Unable to open ~/Documents/ModisDownload/MODIS/MOD13Q1.A2014321.h17v07.006.2015292070929.hdf
******************************************************************************

MODIS Reprojection Tool (v4.1 March 2009)
Start Time:  Tue Dec  6 14:40:00 2016

------------------------------------------------------------------

Error: ReadHDFHeader : Opening Input Header File
     : Unable to open ~/Documents/ModisDownload/MODIS/MOD13Q1.A2014321.h18v07.006.2015292070101.hdf
******************************************************************************

MODIS Reprojection Tool (v4.1 March 2009)
Start Time:  Tue Dec  6 14:40:00 2016

------------------------------------------------------------------

Error: ReadHDFHeader : Opening Input Header File
     : Unable to open ~/Documents/ModisDownload/MODIS/MOD13Q1.A2014321.h17v08.006.2015292070904.hdf
******************************************************************************

MODIS Reprojection Tool (v4.1 March 2009)
Start Time:  Tue Dec  6 14:40:00 2016

------------------------------------------------------------------

Error: ReadHDFHeader : Opening Input Header File
     : Unable to open ~/Documents/ModisDownload/MODIS/MOD13Q1.A2014321.h18v08.006.2015292070758.hdf
Error: ReadHDFHeaderMosaic : Opening Input Header File
     : Unable to open ~/Documents/ModisDownload/MODIS/MOD13Q1.A2014337.h17v07.006.2015294144648.hdf for reading.
******************************************************************************

MODIS Reprojection Tool (v4.1 March 2009)
Start Time:  Tue Dec  6 14:42:24 2016

------------------------------------------------------------------

Error: ReadHDFHeader : Opening Input Header File
     : Unable to open ~/Documents/ModisDownload/MODIS/MOD13Q1.A2014337.h17v07.006.2015294144648.hdf
******************************************************************************

MODIS Reprojection Tool (v4.1 March 2009)
Start Time:  Tue Dec  6 14:42:24 2016

------------------------------------------------------------------

Error: ReadHDFHeader : Opening Input Header File
     : Unable to open ~/Documents/ModisDownload/MODIS/MOD13Q1.A2014337.h18v07.006.2015294144707.hdf
******************************************************************************

MODIS Reprojection Tool (v4.1 March 2009)
Start Time:  Tue Dec  6 14:42:24 2016

------------------------------------------------------------------

Error: ReadHDFHeader : Opening Input Header File
     : Unable to open ~/Documents/ModisDownload/MODIS/MOD13Q1.A2014337.h17v08.006.2015294144329.hdf
******************************************************************************

MODIS Reprojection Tool (v4.1 March 2009)
Start Time:  Tue Dec  6 14:42:24 2016

------------------------------------------------------------------

Error: ReadHDFHeader : Opening Input Header File
     : Unable to open ~/Documents/ModisDownload/MODIS/MOD13Q1.A2014337.h18v08.006.2015294144206.hdf
Error: ReadHDFHeaderMosaic : Opening Input Header File
     : Unable to open ~/Documents/ModisDownload/MODIS/MOD13Q1.A2014353.h17v07.006.2015295000733.hdf for reading.
******************************************************************************

MODIS Reprojection Tool (v4.1 March 2009)
Start Time:  Tue Dec  6 14:42:24 2016

------------------------------------------------------------------

Error: ReadHDFHeader : Opening Input Header File
     : Unable to open ~/Documents/ModisDownload/MODIS/MOD13Q1.A2014353.h17v07.006.2015295000733.hdf
******************************************************************************

MODIS Reprojection Tool (v4.1 March 2009)
Start Time:  Tue Dec  6 14:42:24 2016

------------------------------------------------------------------

Error: ReadHDFHeader : Opening Input Header File
     : Unable to open ~/Documents/ModisDownload/MODIS/MOD13Q1.A2014353.h18v07.006.2015295000738.hdf
******************************************************************************

MODIS Reprojection Tool (v4.1 March 2009)
Start Time:  Tue Dec  6 14:42:24 2016

------------------------------------------------------------------

Error: ReadHDFHeader : Opening Input Header File
     : Unable to open ~/Documents/ModisDownload/MODIS/MOD13Q1.A2014353.h17v08.006.2015295000806.hdf
******************************************************************************

MODIS Reprojection Tool (v4.1 March 2009)
Start Time:  Tue Dec  6 14:42:24 2016

------------------------------------------------------------------

Error: ReadHDFHeader : Opening Input Header File
     : Unable to open ~/Documents/ModisDownload/MODIS/MOD13Q1.A2014353.h18v08.006.2015295000702.hdf
Error: ReadHDFHeaderMosaic : Opening Input Header File
     : Unable to open ~/Documents/ModisDownload/MODIS/MOD13Q1.A2015001.h17v07.006.2015295100803.hdf for reading.
******************************************************************************

MODIS Reprojection Tool (v4.1 March 2009)
Start Time:  Tue Dec  6 14:42:58 2016

------------------------------------------------------------------

Error: ReadHDFHeader : Opening Input Header File
     : Unable to open ~/Documents/ModisDownload/MODIS/MOD13Q1.A2015001.h17v07.006.2015295100803.hdf
******************************************************************************

MODIS Reprojection Tool (v4.1 March 2009)
Start Time:  Tue Dec  6 14:42:59 2016

------------------------------------------------------------------

Error: ReadHDFHeader : Opening Input Header File
     : Unable to open ~/Documents/ModisDownload/MODIS/MOD13Q1.A2015001.h18v07.006.2015295101027.hdf
******************************************************************************

MODIS Reprojection Tool (v4.1 March 2009)
Start Time:  Tue Dec  6 14:42:59 2016

------------------------------------------------------------------

Error: ReadHDFHeader : Opening Input Header File
     : Unable to open ~/Documents/ModisDownload/MODIS/MOD13Q1.A2015001.h17v08.006.2015295101049.hdf
******************************************************************************

MODIS Reprojection Tool (v4.1 March 2009)
Start Time:  Tue Dec  6 14:42:59 2016

------------------------------------------------------------------

Error: ReadHDFHeader : Opening Input Header File
     : Unable to open ~/Documents/ModisDownload/MODIS/MOD13Q1.A2015001.h18v08.006.2015295100755.hdf
Error: ReadHDFHeaderMosaic : Opening Input Header File
     : Unable to open ~/Documents/ModisDownload/MODIS/MOD13Q1.A2015017.h17v07.006.2015295115143.hdf for reading.
******************************************************************************

MODIS Reprojection Tool (v4.1 March 2009)
Start Time:  Tue Dec  6 14:42:59 2016

------------------------------------------------------------------

Error: ReadHDFHeader : Opening Input Header File
     : Unable to open ~/Documents/ModisDownload/MODIS/MOD13Q1.A2015017.h17v07.006.2015295115143.hdf
******************************************************************************

MODIS Reprojection Tool (v4.1 March 2009)
Start Time:  Tue Dec  6 14:42:59 2016

------------------------------------------------------------------

Error: ReadHDFHeader : Opening Input Header File
     : Unable to open ~/Documents/ModisDownload/MODIS/MOD13Q1.A2015017.h18v07.006.2015295115126.hdf
******************************************************************************

MODIS Reprojection Tool (v4.1 March 2009)
Start Time:  Tue Dec  6 14:42:59 2016

------------------------------------------------------------------

Error: ReadHDFHeader : Opening Input Header File
     : Unable to open ~/Documents/ModisDownload/MODIS/MOD13Q1.A2015017.h17v08.006.2015295115113.hdf
******************************************************************************

MODIS Reprojection Tool (v4.1 March 2009)
Start Time:  Tue Dec  6 14:42:59 2016

------------------------------------------------------------------

Error: ReadHDFHeader : Opening Input Header File
     : Unable to open ~/Documents/ModisDownload/MODIS/MOD13Q1.A2015017.h18v08.006.2015295114927.hdf
Error: ReadHDFHeaderMosaic : Opening Input Header File
     : Unable to open ~/Documents/ModisDownload/MODIS/MOD13Q1.A2015033.h17v07.006.2015296123026.hdf for reading.
******************************************************************************

MODIS Reprojection Tool (v4.1 March 2009)
Start Time:  Tue Dec  6 14:45:27 2016

------------------------------------------------------------------

Error: ReadHDFHeader : Opening Input Header File
     : Unable to open ~/Documents/ModisDownload/MODIS/MOD13Q1.A2015033.h17v07.006.2015296123026.hdf
******************************************************************************

MODIS Reprojection Tool (v4.1 March 2009)
Start Time:  Tue Dec  6 14:45:27 2016

------------------------------------------------------------------

Error: ReadHDFHeader : Opening Input Header File
     : Unable to open ~/Documents/ModisDownload/MODIS/MOD13Q1.A2015033.h18v07.006.2015296122929.hdf
******************************************************************************

MODIS Reprojection Tool (v4.1 March 2009)
Start Time:  Tue Dec  6 14:45:27 2016

------------------------------------------------------------------

Error: ReadHDFHeader : Opening Input Header File
     : Unable to open ~/Documents/ModisDownload/MODIS/MOD13Q1.A2015033.h17v08.006.2015296122915.hdf
******************************************************************************

MODIS Reprojection Tool (v4.1 March 2009)
Start Time:  Tue Dec  6 14:45:27 2016

------------------------------------------------------------------

Error: ReadHDFHeader : Opening Input Header File
     : Unable to open ~/Documents/ModisDownload/MODIS/MOD13Q1.A2015033.h18v08.006.2015296122906.hdf
Error: ReadHDFHeaderMosaic : Opening Input Header File
     : Unable to open ~/Documents/ModisDownload/MODIS/MOD13Q1.A2015049.h17v07.006.2015296153100.hdf for reading.
******************************************************************************

MODIS Reprojection Tool (v4.1 March 2009)
Start Time:  Tue Dec  6 14:45:27 2016

------------------------------------------------------------------

Error: ReadHDFHeader : Opening Input Header File
     : Unable to open ~/Documents/ModisDownload/MODIS/MOD13Q1.A2015049.h17v07.006.2015296153100.hdf
******************************************************************************

MODIS Reprojection Tool (v4.1 March 2009)
Start Time:  Tue Dec  6 14:45:27 2016

------------------------------------------------------------------

Error: ReadHDFHeader : Opening Input Header File
     : Unable to open ~/Documents/ModisDownload/MODIS/MOD13Q1.A2015049.h18v07.006.2015296153328.hdf
******************************************************************************

MODIS Reprojection Tool (v4.1 March 2009)
Start Time:  Tue Dec  6 14:45:27 2016

------------------------------------------------------------------

Error: ReadHDFHeader : Opening Input Header File
     : Unable to open ~/Documents/ModisDownload/MODIS/MOD13Q1.A2015049.h17v08.006.2015296153027.hdf
******************************************************************************

MODIS Reprojection Tool (v4.1 March 2009)
Start Time:  Tue Dec  6 14:45:27 2016

------------------------------------------------------------------

Error: ReadHDFHeader : Opening Input Header File
     : Unable to open ~/Documents/ModisDownload/MODIS/MOD13Q1.A2015049.h18v08.006.2015296153218.hdf
